app/build/intermediates/manifest_merge_blame_file/release/manifest-merger-blame-release-report.txt
1<?xml version="1.0" encoding="utf-8"?>
2<manifest xmlns:android="http://schemas.android.com/apk/res/android"
3    package="com.blockblast.game"
4    android:versionCode="1"
5    android:versionName="1.0" >
6
7    <uses-sdk
8        android:minSdkVersion="24"
9        android:targetSdkVersion="34" />
10
11    <application
11-->src/main/AndroidManifest.xml:4:5-23:19
12        android:name="com.blockblast.game.BlockBlastApplication"
12-->src/main/AndroidManifest.xml:5:9-46
13        android:allowBackup="true"
13-->src/main/AndroidManifest.xml:6:9-35
14        android:extractNativeLibs="false"
15        android:icon="@mipmap/ic_launcher"
15-->src/main/AndroidManifest.xml:7:9-43
16        android:label="@string/app_name"
16-->src/main/AndroidManifest.xml:9:9-41
17        android:roundIcon="@mipmap/ic_launcher_round"
17-->src/main/AndroidManifest.xml:8:9-54
18        android:supportsRtl="true"
18-->src/main/AndroidManifest.xml:10:9-35
19        android:theme="@style/Theme.BlockBlast" >
19-->src/main/AndroidManifest.xml:11:9-48
20        <activity
20-->src/main/AndroidManifest.xml:13:9-22:20
21            android:name="com.blockblast.game.MainActivity"
21-->src/main/AndroidManifest.xml:14:13-41
22            android:configChanges="orientation|screenSize|keyboardHidden"
22-->src/main/AndroidManifest.xml:17:13-74
23            android:exported="true"
23-->src/main/AndroidManifest.xml:16:13-36
24            android:screenOrientation="portrait" >
24-->src/main/AndroidManifest.xml:15:13-49
25            <intent-filter>
25-->src/main/AndroidManifest.xml:18:13-21:29
26                <action android:name="android.intent.action.MAIN" />
26-->src/main/AndroidManifest.xml:19:17-69
26-->src/main/AndroidManifest.xml:19:25-66
27
28                <category android:name="android.intent.category.LAUNCHER" />
28-->src/main/AndroidManifest.xml:20:17-77
28-->src/main/AndroidManifest.xml:20:27-74
29            </intent-filter>
30        </activity>
31    </application>
32
33</manifest>